0 info it worked if it ends with ok
1 verbose cli [ '/usr/local/bin/node',
1 verbose cli   '/usr/local/bin/npm',
1 verbose cli   'run',
1 verbose cli   'react-dev' ]
2 info using npm@3.10.10
3 info using node@v6.10.3
4 verbose run-script [ 'prereact-dev', 'react-dev', 'postreact-dev' ]
5 info lifecycle GoMixMe@1.0.0~prereact-dev: GoMixMe@1.0.0
6 silly lifecycle GoMixMe@1.0.0~prereact-dev: no script for prereact-dev, continuing
7 info lifecycle GoMixMe@1.0.0~react-dev: GoMixMe@1.0.0
8 verbose lifecycle GoMixMe@1.0.0~react-dev: unsafe-perm in lifecycle true
9 verbose lifecycle GoMixMe@1.0.0~react-dev: PATH: /usr/local/lib/node_modules/npm/bin/node-gyp-bin:/Users/vitor.pereira/Desktop/rpt02-mvp-master/node_modules/.bin:/usr/local/bin:/usr/bin:/bin:/usr/sbin:/sbin
10 verbose lifecycle GoMixMe@1.0.0~react-dev: CWD: /Users/vitor.pereira/Desktop/rpt02-mvp-master
11 silly lifecycle GoMixMe@1.0.0~react-dev: Args: [ '-c', 'webpack -d --watch' ]
12 silly lifecycle GoMixMe@1.0.0~react-dev: Returned: code: 1  signal: null
13 info lifecycle GoMixMe@1.0.0~react-dev: Failed to exec react-dev script
14 verbose stack Error: GoMixMe@1.0.0 react-dev: `webpack -d --watch`
14 verbose stack Exit status 1
14 verbose stack     at EventEmitter.<anonymous> (/usr/local/lib/node_modules/npm/lib/utils/lifecycle.js:255:16)
14 verbose stack     at emitTwo (events.js:106:13)
14 verbose stack     at EventEmitter.emit (events.js:191:7)
14 verbose stack     at ChildProcess.<anonymous> (/usr/local/lib/node_modules/npm/lib/utils/spawn.js:40:14)
14 verbose stack     at emitTwo (events.js:106:13)
14 verbose stack     at ChildProcess.emit (events.js:191:7)
14 verbose stack     at maybeClose (internal/child_process.js:886:16)
14 verbose stack     at Process.ChildProcess._handle.onexit (internal/child_process.js:226:5)
15 verbose pkgid GoMixMe@1.0.0
16 verbose cwd /Users/vitor.pereira/Desktop/rpt02-mvp-master
17 error Darwin 15.6.0
18 error argv "/usr/local/bin/node" "/usr/local/bin/npm" "run" "react-dev"
19 error node v6.10.3
20 error npm  v3.10.10
21 error code ELIFECYCLE
22 error GoMixMe@1.0.0 react-dev: `webpack -d --watch`
22 error Exit status 1
23 error Failed at the GoMixMe@1.0.0 react-dev script 'webpack -d --watch'.
23 error Make sure you have the latest version of node.js and npm installed.
23 error If you do, this is most likely a problem with the GoMixMe package,
23 error not with npm itself.
23 error Tell the author that this fails on your system:
23 error     webpack -d --watch
23 error You can get information on how to open an issue for this project with:
23 error     npm bugs GoMixMe
23 error Or if that isn't available, you can get their info via:
23 error     npm owner ls GoMixMe
23 error There is likely additional logging output above.
24 verbose exit [ 1, true ]
